<?xml version="1.0" encoding="UTF-8" ?>
<testsuite tests="100" failures="0" name="com.serviceTest.LoginTest" time="30.936" errors="0" skipped="0">
  <properties>
    <property name="java.runtime.name" value="Java(TM) SE Runtime Environment"/>
    <property name="sun.boot.library.path" value="/usr/lib/jvm/java-8-oracle/jre/lib/amd64"/>
    <property name="java.vm.version" value="25.101-b13"/>
    <property name="java.vm.vendor" value="Oracle Corporation"/>
    <property name="maven.multiModuleProjectDirectory" value="/home/rohit/myWorkspace_new/ServiceAutomation"/>
    <property name="java.vendor.url" value="http://java.oracle.com/"/>
    <property name="path.separator" value=":"/>
    <property name="guice.disable.misplaced.annotation.check" value="true"/>
    <property name="java.vm.name" value="Java HotSpot(TM) 64-Bit Server VM"/>
    <property name="file.encoding.pkg" value="sun.io"/>
    <property name="user.country" value="IN"/>
    <property name="sun.java.launcher" value="SUN_STANDARD"/>
    <property name="sun.os.patch.level" value="unknown"/>
    <property name="java.vm.specification.name" value="Java Virtual Machine Specification"/>
    <property name="user.dir" value="/home/rohit/myWorkspace_new/ServiceAutomation"/>
    <property name="java.runtime.version" value="1.8.0_101-b13"/>
    <property name="java.awt.graphicsenv" value="sun.awt.X11GraphicsEnvironment"/>
    <property name="java.endorsed.dirs" value="/usr/lib/jvm/java-8-oracle/jre/lib/endorsed"/>
    <property name="os.arch" value="amd64"/>
    <property name="java.io.tmpdir" value="/tmp"/>
    <property name="line.separator" value="
"/>
    <property name="java.vm.specification.vendor" value="Oracle Corporation"/>
    <property name="os.name" value="Linux"/>
    <property name="classworlds.conf" value="/home/rohit/myWorkspace_new/.metadata/.plugins/org.eclipse.m2e.launching/launches/m2conf6865556029715303737.tmp"/>
    <property name="sun.jnu.encoding" value="UTF-8"/>
    <property name="java.library.path" value="/usr/java/packages/lib/amd64:/usr/lib64:/lib64:/lib:/usr/lib"/>
    <property name="java.specification.name" value="Java Platform API Specification"/>
    <property name="java.class.version" value="52.0"/>
    <property name="sun.management.compiler" value="HotSpot 64-Bit Tiered Compilers"/>
    <property name="os.version" value="4.4.0-89-generic"/>
    <property name="user.home" value="/home/rohit"/>
    <property name="user.timezone" value="Asia/Kolkata"/>
    <property name="java.awt.printerjob" value="sun.print.PSPrinterJob"/>
    <property name="file.encoding" value="UTF-8"/>
    <property name="java.specification.version" value="1.8"/>
    <property name="user.name" value="rohit"/>
    <property name="java.class.path" value="/home/rohit/eclipse/jee-neon/eclipse/../../../.p2/pool/plugins/org.eclipse.m2e.maven.runtime_1.7.0.20160603-1931/jars/plexus-classworlds-2.5.2.jar"/>
    <property name="java.vm.specification.version" value="1.8"/>
    <property name="sun.arch.data.model" value="64"/>
    <property name="java.home" value="/usr/lib/jvm/java-8-oracle/jre"/>
    <property name="sun.java.command" value="org.codehaus.plexus.classworlds.launcher.Launcher -B install"/>
    <property name="java.specification.vendor" value="Oracle Corporation"/>
    <property name="user.language" value="en"/>
    <property name="awt.toolkit" value="sun.awt.X11.XToolkit"/>
    <property name="java.vm.info" value="mixed mode"/>
    <property name="java.version" value="1.8.0_101"/>
    <property name="java.ext.dirs" value="/usr/lib/jvm/java-8-oracle/jre/lib/ext:/usr/java/packages/lib/ext"/>
    <property name="securerandom.source" value="file:/dev/./urandom"/>
    <property name="sun.boot.class.path" value="/usr/lib/jvm/java-8-oracle/jre/lib/resources.jar:/usr/lib/jvm/java-8-oracle/jre/lib/rt.jar:/usr/lib/jvm/java-8-oracle/jre/lib/sunrsasign.jar:/usr/lib/jvm/java-8-oracle/jre/lib/jsse.jar:/usr/lib/jvm/java-8-oracle/jre/lib/jce.jar:/usr/lib/jvm/java-8-oracle/jre/lib/charsets.jar:/usr/lib/jvm/java-8-oracle/jre/lib/jfr.jar:/usr/lib/jvm/java-8-oracle/jre/classes"/>
    <property name="java.vendor" value="Oracle Corporation"/>
    <property name="maven.home" value="/home/rohit/myWorkspace_new/ServiceAutomation/EMBEDDED"/>
    <property name="file.separator" value="/"/>
    <property name="java.vendor.url.bug" value="http://bugreport.sun.com/bugreport/"/>
    <property name="sun.cpu.endian" value="little"/>
    <property name="sun.io.unicode.encoding" value="UnicodeLittle"/>
    <property name="sun.desktop" value="gnome"/>
    <property name="sun.cpu.isalist" value=""/>
  </properties>
  <testcase classname="com.serviceTest.LoginTest" name="rtbsapubApiTest" time="2.671"/>
  <testcase classname="com.serviceTest.LoginTest" name="rtbsapubApiTest" time="0.331"/>
  <testcase classname="com.serviceTest.LoginTest" name="rtbsapubApiTest" time="0.326"/>
  <testcase classname="com.serviceTest.LoginTest" name="rtbsapubApiTest" time="0.333"/>
  <testcase classname="com.serviceTest.LoginTest" name="rtbsapubApiTest" time="0.292"/>
  <testcase classname="com.serviceTest.LoginTest" name="rtbsapubApiTest" time="0.299"/>
  <testcase classname="com.serviceTest.LoginTest" name="rtbsapubApiTest" time="0.281"/>
  <testcase classname="com.serviceTest.LoginTest" name="rtbsapubApiTest" time="0.295"/>
  <testcase classname="com.serviceTest.LoginTest" name="rtbsapubApiTest" time="0.286"/>
  <testcase classname="com.serviceTest.LoginTest" name="rtbsapubApiTest" time="0.286"/>
  <testcase classname="com.serviceTest.LoginTest" name="rtbsapubApiTest" time="0.308"/>
  <testcase classname="com.serviceTest.LoginTest" name="rtbsapubApiTest" time="0.284"/>
  <testcase classname="com.serviceTest.LoginTest" name="rtbsapubApiTest" time="0.295"/>
  <testcase classname="com.serviceTest.LoginTest" name="rtbsapubApiTest" time="0.301"/>
  <testcase classname="com.serviceTest.LoginTest" name="rtbsapubApiTest" time="0.346"/>
  <testcase classname="com.serviceTest.LoginTest" name="rtbsapubApiTest" time="0.333"/>
  <testcase classname="com.serviceTest.LoginTest" name="rtbsapubApiTest" time="0.288"/>
  <testcase classname="com.serviceTest.LoginTest" name="rtbsapubApiTest" time="0.295"/>
  <testcase classname="com.serviceTest.LoginTest" name="rtbsapubApiTest" time="0.294"/>
  <testcase classname="com.serviceTest.LoginTest" name="rtbsapubApiTest" time="0.286"/>
  <testcase classname="com.serviceTest.LoginTest" name="rtbsapubApiTest" time="0.37"/>
  <testcase classname="com.serviceTest.LoginTest" name="rtbsapubApiTest" time="0.272"/>
  <testcase classname="com.serviceTest.LoginTest" name="rtbsapubApiTest" time="0.276"/>
  <testcase classname="com.serviceTest.LoginTest" name="rtbsapubApiTest" time="0.297"/>
  <testcase classname="com.serviceTest.LoginTest" name="rtbsapubApiTest" time="0.288"/>
  <testcase classname="com.serviceTest.LoginTest" name="rtbsapubApiTest" time="0.272"/>
  <testcase classname="com.serviceTest.LoginTest" name="rtbsapubApiTest" time="0.272"/>
  <testcase classname="com.serviceTest.LoginTest" name="rtbsapubApiTest" time="0.275"/>
  <testcase classname="com.serviceTest.LoginTest" name="rtbsapubApiTest" time="0.326"/>
  <testcase classname="com.serviceTest.LoginTest" name="rtbsapubApiTest" time="0.289"/>
  <testcase classname="com.serviceTest.LoginTest" name="rtbsapubApiTest" time="0.278"/>
  <testcase classname="com.serviceTest.LoginTest" name="rtbsapubApiTest" time="0.275"/>
  <testcase classname="com.serviceTest.LoginTest" name="rtbsapubApiTest" time="0.275"/>
  <testcase classname="com.serviceTest.LoginTest" name="rtbsapubApiTest" time="0.274"/>
  <testcase classname="com.serviceTest.LoginTest" name="rtbsapubApiTest" time="0.279"/>
  <testcase classname="com.serviceTest.LoginTest" name="rtbsapubApiTest" time="0.283"/>
  <testcase classname="com.serviceTest.LoginTest" name="rtbsapubApiTest" time="0.273"/>
  <testcase classname="com.serviceTest.LoginTest" name="rtbsapubApiTest" time="0.27"/>
  <testcase classname="com.serviceTest.LoginTest" name="rtbsapubApiTest" time="0.271"/>
  <testcase classname="com.serviceTest.LoginTest" name="rtbsapubApiTest" time="0.272"/>
  <testcase classname="com.serviceTest.LoginTest" name="rtbsapubApiTest" time="0.274"/>
  <testcase classname="com.serviceTest.LoginTest" name="rtbsapubApiTest" time="0.277"/>
  <testcase classname="com.serviceTest.LoginTest" name="rtbsapubApiTest" time="0.277"/>
  <testcase classname="com.serviceTest.LoginTest" name="rtbsapubApiTest" time="0.283"/>
  <testcase classname="com.serviceTest.LoginTest" name="rtbsapubApiTest" time="0.277"/>
  <testcase classname="com.serviceTest.LoginTest" name="rtbsapubApiTest" time="0.27"/>
  <testcase classname="com.serviceTest.LoginTest" name="rtbsapubApiTest" time="0.269"/>
  <testcase classname="com.serviceTest.LoginTest" name="rtbsapubApiTest" time="0.277"/>
  <testcase classname="com.serviceTest.LoginTest" name="rtbsapubApiTest" time="0.285"/>
  <testcase classname="com.serviceTest.LoginTest" name="rtbsapubApiTest" time="0.277"/>
  <testcase classname="com.serviceTest.LoginTest" name="rtbsapubApiTest" time="0.279"/>
  <testcase classname="com.serviceTest.LoginTest" name="rtbsapubApiTest" time="0.276"/>
  <testcase classname="com.serviceTest.LoginTest" name="rtbsapubApiTest" time="0.274"/>
  <testcase classname="com.serviceTest.LoginTest" name="rtbsapubApiTest" time="0.269"/>
  <testcase classname="com.serviceTest.LoginTest" name="rtbsapubApiTest" time="0.273"/>
  <testcase classname="com.serviceTest.LoginTest" name="rtbsapubApiTest" time="0.274"/>
  <testcase classname="com.serviceTest.LoginTest" name="rtbsapubApiTest" time="0.268"/>
  <testcase classname="com.serviceTest.LoginTest" name="rtbsapubApiTest" time="0.278"/>
  <testcase classname="com.serviceTest.LoginTest" name="rtbsapubApiTest" time="0.269"/>
  <testcase classname="com.serviceTest.LoginTest" name="rtbsapubApiTest" time="0.269"/>
  <testcase classname="com.serviceTest.LoginTest" name="rtbsapubApiTest" time="0.276"/>
  <testcase classname="com.serviceTest.LoginTest" name="rtbsapubApiTest" time="0.269"/>
  <testcase classname="com.serviceTest.LoginTest" name="rtbsapubApiTest" time="0.34"/>
  <testcase classname="com.serviceTest.LoginTest" name="rtbsapubApiTest" time="0.278"/>
  <testcase classname="com.serviceTest.LoginTest" name="rtbsapubApiTest" time="0.278"/>
  <testcase classname="com.serviceTest.LoginTest" name="rtbsapubApiTest" time="0.274"/>
  <testcase classname="com.serviceTest.LoginTest" name="rtbsapubApiTest" time="0.268"/>
  <testcase classname="com.serviceTest.LoginTest" name="rtbsapubApiTest" time="0.267"/>
  <testcase classname="com.serviceTest.LoginTest" name="rtbsapubApiTest" time="0.268"/>
  <testcase classname="com.serviceTest.LoginTest" name="rtbsapubApiTest" time="0.273"/>
  <testcase classname="com.serviceTest.LoginTest" name="rtbsapubApiTest" time="0.298"/>
  <testcase classname="com.serviceTest.LoginTest" name="rtbsapubApiTest" time="0.316"/>
  <testcase classname="com.serviceTest.LoginTest" name="rtbsapubApiTest" time="0.3"/>
  <testcase classname="com.serviceTest.LoginTest" name="rtbsapubApiTest" time="0.268"/>
  <testcase classname="com.serviceTest.LoginTest" name="rtbsapubApiTest" time="0.272"/>
  <testcase classname="com.serviceTest.LoginTest" name="rtbsapubApiTest" time="0.267"/>
  <testcase classname="com.serviceTest.LoginTest" name="rtbsapubApiTest" time="0.269"/>
  <testcase classname="com.serviceTest.LoginTest" name="rtbsapubApiTest" time="0.273"/>
  <testcase classname="com.serviceTest.LoginTest" name="rtbsapubApiTest" time="0.284"/>
  <testcase classname="com.serviceTest.LoginTest" name="rtbsapubApiTest" time="0.284"/>
  <testcase classname="com.serviceTest.LoginTest" name="rtbsapubApiTest" time="0.285"/>
  <testcase classname="com.serviceTest.LoginTest" name="rtbsapubApiTest" time="0.291"/>
  <testcase classname="com.serviceTest.LoginTest" name="rtbsapubApiTest" time="0.275"/>
  <testcase classname="com.serviceTest.LoginTest" name="rtbsapubApiTest" time="0.298"/>
  <testcase classname="com.serviceTest.LoginTest" name="rtbsapubApiTest" time="0.297"/>
  <testcase classname="com.serviceTest.LoginTest" name="rtbsapubApiTest" time="0.34"/>
  <testcase classname="com.serviceTest.LoginTest" name="rtbsapubApiTest" time="0.272"/>
  <testcase classname="com.serviceTest.LoginTest" name="rtbsapubApiTest" time="0.267"/>
  <testcase classname="com.serviceTest.LoginTest" name="rtbsapubApiTest" time="0.268"/>
  <testcase classname="com.serviceTest.LoginTest" name="rtbsapubApiTest" time="0.293"/>
  <testcase classname="com.serviceTest.LoginTest" name="rtbsapubApiTest" time="0.278"/>
  <testcase classname="com.serviceTest.LoginTest" name="rtbsapubApiTest" time="0.288"/>
  <testcase classname="com.serviceTest.LoginTest" name="rtbsapubApiTest" time="0.27"/>
  <testcase classname="com.serviceTest.LoginTest" name="rtbsapubApiTest" time="0.27"/>
  <testcase classname="com.serviceTest.LoginTest" name="rtbsapubApiTest" time="0.282"/>
  <testcase classname="com.serviceTest.LoginTest" name="rtbsapubApiTest" time="0.287"/>
  <testcase classname="com.serviceTest.LoginTest" name="rtbsapubApiTest" time="0.289"/>
  <testcase classname="com.serviceTest.LoginTest" name="rtbsapubApiTest" time="0.282"/>
  <testcase classname="com.serviceTest.LoginTest" name="rtbsapubApiTest" time="0.278"/>
  <testcase classname="com.serviceTest.LoginTest" name="rtbsapubApiTest" time="0.292"/>
</testsuite>