<?xml version="1.0" encoding="UTF-8"?>
<!-- Generated by org.testng.reporters.JUnitReportReporter -->
<testsuite hostname="bmdvrohitjai" name="com.serviceTest.LoginTest" tests="100" failures="0" timestamp="11 Sep 2017 08:21:36 GMT" time="30.953" errors="0">
  <testcase name="rtbsapubApiTest" time="0.297" classname="com.serviceTest.LoginTest"/>
  <testcase name="rtbsapubApiTest" time="0.276" classname="com.serviceTest.LoginTest"/>
  <testcase name="rtbsapubApiTest" time="0.271" classname="com.serviceTest.LoginTest"/>
  <testcase name="rtbsapubApiTest" time="0.272" classname="com.serviceTest.LoginTest"/>
  <testcase name="rtbsapubApiTest" time="0.273" classname="com.serviceTest.LoginTest"/>
  <testcase name="rtbsapubApiTest" time="0.277" classname="com.serviceTest.LoginTest"/>
  <testcase name="rtbsapubApiTest" time="0.275" classname="com.serviceTest.LoginTest"/>
  <testcase name="rtbsapubApiTest" time="0.272" classname="com.serviceTest.LoginTest"/>
  <testcase name="rtbsapubApiTest" time="0.291" classname="com.serviceTest.LoginTest"/>
  <testcase name="rtbsapubApiTest" time="0.294" classname="com.serviceTest.LoginTest"/>
  <testcase name="rtbsapubApiTest" time="0.276" classname="com.serviceTest.LoginTest"/>
  <testcase name="rtbsapubApiTest" time="0.287" classname="com.serviceTest.LoginTest"/>
  <testcase name="rtbsapubApiTest" time="0.268" classname="com.serviceTest.LoginTest"/>
  <testcase name="rtbsapubApiTest" time="0.337" classname="com.serviceTest.LoginTest"/>
  <testcase name="rtbsapubApiTest" time="0.316" classname="com.serviceTest.LoginTest"/>
  <testcase name="rtbsapubApiTest" time="0.267" classname="com.serviceTest.LoginTest"/>
  <testcase name="rtbsapubApiTest" time="0.282" classname="com.serviceTest.LoginTest"/>
  <testcase name="rtbsapubApiTest" time="0.332" classname="com.serviceTest.LoginTest"/>
  <testcase name="rtbsapubApiTest" time="0.293" classname="com.serviceTest.LoginTest"/>
  <testcase name="rtbsapubApiTest" time="0.276" classname="com.serviceTest.LoginTest"/>
  <testcase name="rtbsapubApiTest" time="0.271" classname="com.serviceTest.LoginTest"/>
  <testcase name="rtbsapubApiTest" time="0.277" classname="com.serviceTest.LoginTest"/>
  <testcase name="rtbsapubApiTest" time="0.279" classname="com.serviceTest.LoginTest"/>
  <testcase name="rtbsapubApiTest" time="0.270" classname="com.serviceTest.LoginTest"/>
  <testcase name="rtbsapubApiTest" time="0.269" classname="com.serviceTest.LoginTest"/>
  <testcase name="rtbsapubApiTest" time="0.268" classname="com.serviceTest.LoginTest"/>
  <testcase name="rtbsapubApiTest" time="0.271" classname="com.serviceTest.LoginTest"/>
  <testcase name="rtbsapubApiTest" time="0.287" classname="com.serviceTest.LoginTest"/>
  <testcase name="rtbsapubApiTest" time="0.273" classname="com.serviceTest.LoginTest"/>
  <testcase name="rtbsapubApiTest" time="0.291" classname="com.serviceTest.LoginTest"/>
  <testcase name="rtbsapubApiTest" time="0.300" classname="com.serviceTest.LoginTest"/>
  <testcase name="rtbsapubApiTest" time="0.285" classname="com.serviceTest.LoginTest"/>
  <testcase name="rtbsapubApiTest" time="0.300" classname="com.serviceTest.LoginTest"/>
  <testcase name="rtbsapubApiTest" time="0.277" classname="com.serviceTest.LoginTest"/>
  <testcase name="rtbsapubApiTest" time="0.285" classname="com.serviceTest.LoginTest"/>
  <testcase name="rtbsapubApiTest" time="0.288" classname="com.serviceTest.LoginTest"/>
  <testcase name="rtbsapubApiTest" time="0.269" classname="com.serviceTest.LoginTest"/>
  <testcase name="rtbsapubApiTest" time="0.285" classname="com.serviceTest.LoginTest"/>
  <testcase name="rtbsapubApiTest" time="0.267" classname="com.serviceTest.LoginTest"/>
  <testcase name="rtbsapubApiTest" time="0.287" classname="com.serviceTest.LoginTest"/>
  <testcase name="rtbsapubApiTest" time="0.287" classname="com.serviceTest.LoginTest"/>
  <testcase name="rtbsapubApiTest" time="0.343" classname="com.serviceTest.LoginTest"/>
  <testcase name="rtbsapubApiTest" time="0.277" classname="com.serviceTest.LoginTest"/>
  <testcase name="rtbsapubApiTest" time="0.275" classname="com.serviceTest.LoginTest"/>
  <testcase name="rtbsapubApiTest" time="0.289" classname="com.serviceTest.LoginTest"/>
  <testcase name="rtbsapubApiTest" time="0.295" classname="com.serviceTest.LoginTest"/>
  <testcase name="rtbsapubApiTest" time="0.268" classname="com.serviceTest.LoginTest"/>
  <testcase name="rtbsapubApiTest" time="0.277" classname="com.serviceTest.LoginTest"/>
  <testcase name="rtbsapubApiTest" time="0.286" classname="com.serviceTest.LoginTest"/>
  <testcase name="rtbsapubApiTest" time="0.273" classname="com.serviceTest.LoginTest"/>
  <testcase name="rtbsapubApiTest" time="0.333" classname="com.serviceTest.LoginTest"/>
  <testcase name="rtbsapubApiTest" time="0.282" classname="com.serviceTest.LoginTest"/>
  <testcase name="rtbsapubApiTest" time="0.276" classname="com.serviceTest.LoginTest"/>
  <testcase name="rtbsapubApiTest" time="0.330" classname="com.serviceTest.LoginTest"/>
  <testcase name="rtbsapubApiTest" time="0.284" classname="com.serviceTest.LoginTest"/>
  <testcase name="rtbsapubApiTest" time="0.335" classname="com.serviceTest.LoginTest"/>
  <testcase name="rtbsapubApiTest" time="0.269" classname="com.serviceTest.LoginTest"/>
  <testcase name="rtbsapubApiTest" time="0.308" classname="com.serviceTest.LoginTest"/>
  <testcase name="rtbsapubApiTest" time="0.284" classname="com.serviceTest.LoginTest"/>
  <testcase name="rtbsapubApiTest" time="0.276" classname="com.serviceTest.LoginTest"/>
  <testcase name="rtbsapubApiTest" time="0.297" classname="com.serviceTest.LoginTest"/>
  <testcase name="rtbsapubApiTest" time="0.275" classname="com.serviceTest.LoginTest"/>
  <testcase name="rtbsapubApiTest" time="0.270" classname="com.serviceTest.LoginTest"/>
  <testcase name="rtbsapubApiTest" time="0.279" classname="com.serviceTest.LoginTest"/>
  <testcase name="rtbsapubApiTest" time="0.278" classname="com.serviceTest.LoginTest"/>
  <testcase name="rtbsapubApiTest" time="0.327" classname="com.serviceTest.LoginTest"/>
  <testcase name="rtbsapubApiTest" time="0.276" classname="com.serviceTest.LoginTest"/>
  <testcase name="rtbsapubApiTest" time="0.297" classname="com.serviceTest.LoginTest"/>
  <testcase name="rtbsapubApiTest" time="0.273" classname="com.serviceTest.LoginTest"/>
  <testcase name="rtbsapubApiTest" time="0.277" classname="com.serviceTest.LoginTest"/>
  <testcase name="rtbsapubApiTest" time="0.285" classname="com.serviceTest.LoginTest"/>
  <testcase name="rtbsapubApiTest" time="0.267" classname="com.serviceTest.LoginTest"/>
  <testcase name="rtbsapubApiTest" time="0.279" classname="com.serviceTest.LoginTest"/>
  <testcase name="rtbsapubApiTest" time="0.268" classname="com.serviceTest.LoginTest"/>
  <testcase name="rtbsapubApiTest" time="0.272" classname="com.serviceTest.LoginTest"/>
  <testcase name="rtbsapubApiTest" time="0.339" classname="com.serviceTest.LoginTest"/>
  <testcase name="rtbsapubApiTest" time="0.284" classname="com.serviceTest.LoginTest"/>
  <testcase name="rtbsapubApiTest" time="0.294" classname="com.serviceTest.LoginTest"/>
  <testcase name="rtbsapubApiTest" time="0.295" classname="com.serviceTest.LoginTest"/>
  <testcase name="rtbsapubApiTest" time="0.272" classname="com.serviceTest.LoginTest"/>
  <testcase name="rtbsapubApiTest" time="0.275" classname="com.serviceTest.LoginTest"/>
  <testcase name="rtbsapubApiTest" time="0.286" classname="com.serviceTest.LoginTest"/>
  <testcase name="rtbsapubApiTest" time="0.288" classname="com.serviceTest.LoginTest"/>
  <testcase name="rtbsapubApiTest" time="0.269" classname="com.serviceTest.LoginTest"/>
  <testcase name="rtbsapubApiTest" time="0.273" classname="com.serviceTest.LoginTest"/>
  <testcase name="rtbsapubApiTest" time="0.270" classname="com.serviceTest.LoginTest"/>
  <testcase name="rtbsapubApiTest" time="0.269" classname="com.serviceTest.LoginTest"/>
  <testcase name="rtbsapubApiTest" time="0.298" classname="com.serviceTest.LoginTest"/>
  <testcase name="rtbsapubApiTest" time="0.272" classname="com.serviceTest.LoginTest"/>
  <testcase name="rtbsapubApiTest" time="0.278" classname="com.serviceTest.LoginTest"/>
  <testcase name="rtbsapubApiTest" time="0.283" classname="com.serviceTest.LoginTest"/>
  <testcase name="rtbsapubApiTest" time="0.272" classname="com.serviceTest.LoginTest"/>
  <testcase name="rtbsapubApiTest" time="0.294" classname="com.serviceTest.LoginTest"/>
  <testcase name="rtbsapubApiTest" time="0.274" classname="com.serviceTest.LoginTest"/>
  <testcase name="rtbsapubApiTest" time="0.276" classname="com.serviceTest.LoginTest"/>
  <testcase name="rtbsapubApiTest" time="2.685" classname="com.serviceTest.LoginTest"/>
  <testcase name="rtbsapubApiTest" time="0.270" classname="com.serviceTest.LoginTest"/>
  <testcase name="rtbsapubApiTest" time="0.369" classname="com.serviceTest.LoginTest"/>
  <testcase name="rtbsapubApiTest" time="0.279" classname="com.serviceTest.LoginTest"/>
  <testcase name="rtbsapubApiTest" time="0.291" classname="com.serviceTest.LoginTest"/>
</testsuite> <!-- com.serviceTest.LoginTest -->
